This is pdfTeX, Version 3.1415926-2.5-1.40.14 (TeX Live 2013) (format=pdflatex 2014.3.11)  15 JUL 2014 14:16
entering extended mode
 restricted \write18 enabled.
 %&-line parsing enabled.
**graficos_mini.tex
(./graficos_mini.tex
LaTeX2e <2011/06/27>
Babel <3.9h> and hyphenation patterns for 78 languages loaded.
(/usr/local/texlive/2013/texmf-dist/tex/latex/base/article.cls
Document Class: article 2007/10/19 v1.4h Standard LaTeX document class
(/usr/local/texlive/2013/texmf-dist/tex/latex/base/size10.clo
File: size10.clo 2007/10/19 v1.4h Standard LaTeX file (size option)
)
\c@part=\count79
\c@section=\count80
\c@subsection=\count81
\c@subsubsection=\count82
\c@paragraph=\count83
\c@subparagraph=\count84
\c@figure=\count85
\c@table=\count86
\abovecaptionskip=\skip41
\belowcaptionskip=\skip42
\bibindent=\dimen102
)
(/usr/local/texlive/2013/texmf-dist/tex/latex/pdfpages/pdfpages.sty
Package: pdfpages 2013/08/25 v0.4v Insert pages of external PDF documents (AM)

(/usr/local/texlive/2013/texmf-dist/tex/latex/base/ifthen.sty
Package: ifthen 2001/05/26 v1.1c Standard LaTeX ifthen package (DPC)
)
(/usr/local/texlive/2013/texmf-dist/tex/latex/tools/calc.sty
Package: calc 2007/08/22 v4.3 Infix arithmetic (KKT,FJ)
\calc@Acount=\count87
\calc@Bcount=\count88
\calc@Adimen=\dimen103
\calc@Bdimen=\dimen104
\calc@Askip=\skip43
\calc@Bskip=\skip44
LaTeX Info: Redefining \setlength on input line 76.
LaTeX Info: Redefining \addtolength on input line 77.
\calc@Ccount=\count89
\calc@Cskip=\skip45
)
(/usr/local/texlive/2013/texmf-dist/tex/latex/eso-pic/eso-pic.sty
Package: eso-pic 2013/10/06 v2.0d eso-pic (RN)

(/usr/local/texlive/2013/texmf-dist/tex/generic/oberdiek/atbegshi.sty
Package: atbegshi 2011/10/05 v1.16 At begin shipout hook (HO)

(/usr/local/texlive/2013/texmf-dist/tex/generic/oberdiek/infwarerr.sty
Package: infwarerr 2010/04/08 v1.3 Providing info/warning/error messages (HO)
)
(/usr/local/texlive/2013/texmf-dist/tex/generic/oberdiek/ltxcmds.sty
Package: ltxcmds 2011/11/09 v1.22 LaTeX kernel commands for general use (HO)
)
(/usr/local/texlive/2013/texmf-dist/tex/generic/oberdiek/ifpdf.sty
Package: ifpdf 2011/01/30 v2.3 Provides the ifpdf switch (HO)
Package ifpdf Info: pdfTeX in PDF mode is detected.
))
(/usr/local/texlive/2013/texmf-dist/tex/latex/graphics/keyval.sty
Package: keyval 1999/03/16 v1.13 key=value parser (DPC)
\KV@toks@=\toks14
)
(/usr/local/texlive/2013/texmf-dist/tex/latex/xcolor/xcolor.sty
Package: xcolor 2007/01/21 v2.11 LaTeX color extensions (UK)

(/usr/local/texlive/2013/texmf-dist/tex/latex/latexconfig/color.cfg
File: color.cfg 2007/01/18 v1.5 color configuration of teTeX/TeXLive
)
Package xcolor Info: Driver file: pdftex.def on input line 225.

(/usr/local/texlive/2013/texmf-dist/tex/latex/pdftex-def/pdftex.def
File: pdftex.def 2011/05/27 v0.06d Graphics/color for pdfTeX
\Gread@gobject=\count90
)
Package xcolor Info: Model `cmy' substituted by `cmy0' on input line 1337.
Package xcolor Info: Model `hsb' substituted by `rgb' on input line 1341.
Package xcolor Info: Model `RGB' extended on input line 1353.
Package xcolor Info: Model `HTML' substituted by `rgb' on input line 1355.
Package xcolor Info: Model `Hsb' substituted by `hsb' on input line 1356.
Package xcolor Info: Model `tHsb' substituted by `hsb' on input line 1357.
Package xcolor Info: Model `HSB' substituted by `hsb' on input line 1358.
Package xcolor Info: Model `Gray' substituted by `gray' on input line 1359.
Package xcolor Info: Model `wave' substituted by `hsb' on input line 1360.
))
(/usr/local/texlive/2013/texmf-dist/tex/latex/graphics/graphicx.sty
Package: graphicx 1999/02/16 v1.0f Enhanced LaTeX Graphics (DPC,SPQR)

(/usr/local/texlive/2013/texmf-dist/tex/latex/graphics/graphics.sty
Package: graphics 2009/02/05 v1.0o Standard LaTeX Graphics (DPC,SPQR)

(/usr/local/texlive/2013/texmf-dist/tex/latex/graphics/trig.sty
Package: trig 1999/03/16 v1.09 sin cos tan (DPC)
)
(/usr/local/texlive/2013/texmf-dist/tex/latex/latexconfig/graphics.cfg
File: graphics.cfg 2010/04/23 v1.9 graphics configuration of TeX Live
)
Package graphics Info: Driver file: pdftex.def on input line 91.
)
\Gin@req@height=\dimen105
\Gin@req@width=\dimen106
)
(/usr/local/texlive/2013/texmf-dist/tex/latex/pdfpages/pppdftex.def
File: pppdftex.def 2013/08/25 v0.4v Pdfpages driver for pdfTeX (AM)
)
\AM@pagebox=\box26
\AM@toc@title=\toks15
\c@AM@survey=\count91
\AM@templatesizebox=\box27
)
(./graficos_mini.aux)
\openout1 = `graficos_mini.aux'.

LaTeX Font Info:    Checking defaults for OML/cmm/m/it on input line 4.
LaTeX Font Info:    ... okay on input line 4.
LaTeX Font Info:    Checking defaults for T1/cmr/m/n on input line 4.
LaTeX Font Info:    ... okay on input line 4.
LaTeX Font Info:    Checking defaults for OT1/cmr/m/n on input line 4.
LaTeX Font Info:    ... okay on input line 4.
LaTeX Font Info:    Checking defaults for OMS/cmsy/m/n on input line 4.
LaTeX Font Info:    ... okay on input line 4.
LaTeX Font Info:    Checking defaults for OMX/cmex/m/n on input line 4.
LaTeX Font Info:    ... okay on input line 4.
LaTeX Font Info:    Checking defaults for U/cmr/m/n on input line 4.
LaTeX Font Info:    ... okay on input line 4.
\AtBeginShipoutBox=\box28

(/usr/local/texlive/2013/texmf-dist/tex/context/base/supp-pdf.mkii
[Loading MPS to PDF converter (version 2006.09.02).]
\scratchcounter=\count92
\scratchdimen=\dimen107
\scratchbox=\box29
\nofMPsegments=\count93
\nofMParguments=\count94
\everyMPshowfont=\toks16
\MPscratchCnt=\count95
\MPscratchDim=\dimen108
\MPnumerator=\count96
\makeMPintoPDFobject=\count97
\everyMPtoPDFconversion=\toks17
) (/usr/local/texlive/2013/texmf-dist/tex/generic/oberdiek/pdftexcmds.sty
Package: pdftexcmds 2011/11/29 v0.20 Utility functions of pdfTeX for LuaTeX (HO
)

(/usr/local/texlive/2013/texmf-dist/tex/generic/oberdiek/ifluatex.sty
Package: ifluatex 2010/03/01 v1.3 Provides the ifluatex switch (HO)
Package ifluatex Info: LuaTeX not detected.
)
Package pdftexcmds Info: LuaTeX not detected.
Package pdftexcmds Info: \pdf@primitive is available.
Package pdftexcmds Info: \pdf@ifprimitive is available.
Package pdftexcmds Info: \pdfdraftmode found.
)
(/usr/local/texlive/2013/texmf-dist/tex/latex/oberdiek/epstopdf-base.sty
Package: epstopdf-base 2010/02/09 v2.5 Base part for package epstopdf

(/usr/local/texlive/2013/texmf-dist/tex/latex/oberdiek/grfext.sty
Package: grfext 2010/08/19 v1.1 Manage graphics extensions (HO)

(/usr/local/texlive/2013/texmf-dist/tex/generic/oberdiek/kvdefinekeys.sty
Package: kvdefinekeys 2011/04/07 v1.3 Define keys (HO)
))
(/usr/local/texlive/2013/texmf-dist/tex/latex/oberdiek/kvoptions.sty
Package: kvoptions 2011/06/30 v3.11 Key value format for package options (HO)

(/usr/local/texlive/2013/texmf-dist/tex/generic/oberdiek/kvsetkeys.sty
Package: kvsetkeys 2012/04/25 v1.16 Key value parser (HO)

(/usr/local/texlive/2013/texmf-dist/tex/generic/oberdiek/etexcmds.sty
Package: etexcmds 2011/02/16 v1.5 Avoid name clashes with e-TeX commands (HO)
Package etexcmds Info: Could not find \expanded.
(etexcmds)             That can mean that you are not using pdfTeX 1.50 or
(etexcmds)             that some package has redefined \expanded.
(etexcmds)             In the latter case, load this package earlier.
)))
Package grfext Info: Graphics extension search list:
(grfext)             [.png,.pdf,.jpg,.mps,.jpeg,.jbig2,.jb2,.PNG,.PDF,.JPG,.JPE
G,.JBIG2,.JB2,.eps]
(grfext)             \AppendGraphicsExtensions on input line 452.

(/usr/local/texlive/2013/texmf-dist/tex/latex/latexconfig/epstopdf-sys.cfg
File: epstopdf-sys.cfg 2010/07/13 v1.3 Configuration of (r)epstopdf for TeX Liv
e
))
<graficos.pdf, id=1, 364.19562pt x 273.14648pt>
File: graficos.pdf Graphic file (type pdf)
 <use graficos.pdf>
Package pdftex.def Info: graficos.pdf used on input line 6.
(pdftex.def)             Requested size: 364.19473pt x 273.14581pt.
File: graficos.pdf Graphic file (type pdf)

<use graficos.pdf>
Package pdftex.def Info: graficos.pdf used on input line 6.
(pdftex.def)             Requested size: 364.19473pt x 273.14581pt.
 <graficos.pdf, id=4, page=1, 364.19562pt x 273.14648pt>
File: graficos.pdf Graphic file (type pdf)

<use graficos.pdf, page 1>
Package pdftex.def Info: graficos.pdf, page1 used on input line 6.
(pdftex.def)             Requested size: 364.19473pt x 273.14581pt.
File: graficos.pdf Graphic file (type pdf)
 <use graficos.pdf, page 1>
Package pdftex.def Info: graficos.pdf, page1 used on input line 6.
(pdftex.def)             Requested size: 364.19473pt x 273.14581pt.
File: graficos.pdf Graphic file (type pdf)

<use graficos.pdf, page 1>
Package pdftex.def Info: graficos.pdf, page1 used on input line 6.
(pdftex.def)             Requested size: 364.19473pt x 273.14581pt.

<graficos.pdf, id=5, page=2, 364.19562pt x 273.14648pt>
File: graficos.pdf Graphic file (type pdf)

<use graficos.pdf, page 2>
Package pdftex.def Info: graficos.pdf, page2 used on input line 6.
(pdftex.def)             Requested size: 364.19473pt x 273.14581pt.
File: graficos.pdf Graphic file (type pdf)
 <use graficos.pdf, page 2>
Package pdftex.def Info: graficos.pdf, page2 used on input line 6.
(pdftex.def)             Requested size: 364.19473pt x 273.14581pt.

<graficos.pdf, id=6, page=3, 364.19562pt x 273.14648pt>
File: graficos.pdf Graphic file (type pdf)

<use graficos.pdf, page 3>
Package pdftex.def Info: graficos.pdf, page3 used on input line 6.
(pdftex.def)             Requested size: 364.19473pt x 273.14581pt.
File: graficos.pdf Graphic file (type pdf)
 <use graficos.pdf, page 3>
Package pdftex.def Info: graficos.pdf, page3 used on input line 6.
(pdftex.def)             Requested size: 364.19473pt x 273.14581pt.

<graficos.pdf, id=7, page=4, 364.19562pt x 273.14648pt>
File: graficos.pdf Graphic file (type pdf)

<use graficos.pdf, page 4>
Package pdftex.def Info: graficos.pdf, page4 used on input line 6.
(pdftex.def)             Requested size: 364.19473pt x 273.14581pt.
File: graficos.pdf Graphic file (type pdf)
 <use graficos.pdf, page 4>
Package pdftex.def Info: graficos.pdf, page4 used on input line 6.
(pdftex.def)             Requested size: 364.19473pt x 273.14581pt.
File: graficos.pdf Graphic file (type pdf)

<use graficos.pdf, page 1>
Package pdftex.def Info: graficos.pdf, page1 used on input line 6.
(pdftex.def)             Requested size: 364.19473pt x 273.14581pt.
File: graficos.pdf Graphic file (type pdf)
 <use graficos.pdf, page 2>
Package pdftex.def Info: graficos.pdf, page2 used on input line 6.
(pdftex.def)             Requested size: 364.19473pt x 273.14581pt.
File: graficos.pdf Graphic file (type pdf)

<use graficos.pdf, page 3>
Package pdftex.def Info: graficos.pdf, page3 used on input line 6.
(pdftex.def)             Requested size: 364.19473pt x 273.14581pt.
File: graficos.pdf Graphic file (type pdf)
 <use graficos.pdf, page 4>
Package pdftex.def Info: graficos.pdf, page4 used on input line 6.
(pdftex.def)             Requested size: 364.19473pt x 273.14581pt.
 [1

 <./graficos.pdf{/usr/local/texlive/2013/texmf-var/fonts/map/pdftex/updmap/pdft
ex.map}> <./graficos.pdf> <./graficos.pdf> <./graficos.pdf>]
<graficos.pdf, id=24, page=5, 364.19562pt x 273.14648pt>
File: graficos.pdf Graphic file (type pdf)

<use graficos.pdf, page 5>
Package pdftex.def Info: graficos.pdf, page5 used on input line 6.
(pdftex.def)             Requested size: 364.19473pt x 273.14581pt.
File: graficos.pdf Graphic file (type pdf)
 <use graficos.pdf, page 5>
Package pdftex.def Info: graficos.pdf, page5 used on input line 6.
(pdftex.def)             Requested size: 364.19473pt x 273.14581pt.

<graficos.pdf, id=25, page=6, 364.19562pt x 273.14648pt>
File: graficos.pdf Graphic file (type pdf)

<use graficos.pdf, page 6>
Package pdftex.def Info: graficos.pdf, page6 used on input line 6.
(pdftex.def)             Requested size: 364.19473pt x 273.14581pt.
File: graficos.pdf Graphic file (type pdf)
 <use graficos.pdf, page 6>
Package pdftex.def Info: graficos.pdf, page6 used on input line 6.
(pdftex.def)             Requested size: 364.19473pt x 273.14581pt.

<graficos.pdf, id=26, page=7, 364.19562pt x 273.14648pt>
File: graficos.pdf Graphic file (type pdf)

<use graficos.pdf, page 7>
Package pdftex.def Info: graficos.pdf, page7 used on input line 6.
(pdftex.def)             Requested size: 364.19473pt x 273.14581pt.
File: graficos.pdf Graphic file (type pdf)
 <use graficos.pdf, page 7>
Package pdftex.def Info: graficos.pdf, page7 used on input line 6.
(pdftex.def)             Requested size: 364.19473pt x 273.14581pt.

<graficos.pdf, id=27, page=8, 364.19562pt x 273.14648pt>
File: graficos.pdf Graphic file (type pdf)

<use graficos.pdf, page 8>
Package pdftex.def Info: graficos.pdf, page8 used on input line 6.
(pdftex.def)             Requested size: 364.19473pt x 273.14581pt.
File: graficos.pdf Graphic file (type pdf)
 <use graficos.pdf, page 8>
Package pdftex.def Info: graficos.pdf, page8 used on input line 6.
(pdftex.def)             Requested size: 364.19473pt x 273.14581pt.
File: graficos.pdf Graphic file (type pdf)

<use graficos.pdf, page 5>
Package pdftex.def Info: graficos.pdf, page5 used on input line 6.
(pdftex.def)             Requested size: 364.19473pt x 273.14581pt.
File: graficos.pdf Graphic file (type pdf)
 <use graficos.pdf, page 6>
Package pdftex.def Info: graficos.pdf, page6 used on input line 6.
(pdftex.def)             Requested size: 364.19473pt x 273.14581pt.
File: graficos.pdf Graphic file (type pdf)

<use graficos.pdf, page 7>
Package pdftex.def Info: graficos.pdf, page7 used on input line 6.
(pdftex.def)             Requested size: 364.19473pt x 273.14581pt.
File: graficos.pdf Graphic file (type pdf)
 <use graficos.pdf, page 8>
Package pdftex.def Info: graficos.pdf, page8 used on input line 6.
(pdftex.def)             Requested size: 364.19473pt x 273.14581pt.
 [2 <./graficos.pdf> <./graficos.pdf> <./graficos.pdf> <./graficos.pdf>]
<graficos.pdf, id=37, page=9, 364.19562pt x 273.14648pt>
File: graficos.pdf Graphic file (type pdf)

<use graficos.pdf, page 9>
Package pdftex.def Info: graficos.pdf, page9 used on input line 6.
(pdftex.def)             Requested size: 364.19473pt x 273.14581pt.
File: graficos.pdf Graphic file (type pdf)
 <use graficos.pdf, page 9>
Package pdftex.def Info: graficos.pdf, page9 used on input line 6.
(pdftex.def)             Requested size: 364.19473pt x 273.14581pt.

<graficos.pdf, id=38, page=10, 364.19562pt x 273.14648pt>
File: graficos.pdf Graphic file (type pdf)

<use graficos.pdf, page 10>
Package pdftex.def Info: graficos.pdf, page10 used on input line 6.
(pdftex.def)             Requested size: 364.19473pt x 273.14581pt.
File: graficos.pdf Graphic file (type pdf)
 <use graficos.pdf, page 10>
Package pdftex.def Info: graficos.pdf, page10 used on input line 6.
(pdftex.def)             Requested size: 364.19473pt x 273.14581pt.

<graficos.pdf, id=39, page=11, 364.19562pt x 273.14648pt>
File: graficos.pdf Graphic file (type pdf)

<use graficos.pdf, page 11>
Package pdftex.def Info: graficos.pdf, page11 used on input line 6.
(pdftex.def)             Requested size: 364.19473pt x 273.14581pt.
File: graficos.pdf Graphic file (type pdf)
 <use graficos.pdf, page 11>
Package pdftex.def Info: graficos.pdf, page11 used on input line 6.
(pdftex.def)             Requested size: 364.19473pt x 273.14581pt.

<graficos.pdf, id=40, page=12, 364.19562pt x 273.14648pt>
File: graficos.pdf Graphic file (type pdf)

<use graficos.pdf, page 12>
Package pdftex.def Info: graficos.pdf, page12 used on input line 6.
(pdftex.def)             Requested size: 364.19473pt x 273.14581pt.
File: graficos.pdf Graphic file (type pdf)
 <use graficos.pdf, page 12>
Package pdftex.def Info: graficos.pdf, page12 used on input line 6.
(pdftex.def)             Requested size: 364.19473pt x 273.14581pt.
File: graficos.pdf Graphic file (type pdf)

<use graficos.pdf, page 9>
Package pdftex.def Info: graficos.pdf, page9 used on input line 6.
(pdftex.def)             Requested size: 364.19473pt x 273.14581pt.
File: graficos.pdf Graphic file (type pdf)
 <use graficos.pdf, page 10>
Package pdftex.def Info: graficos.pdf, page10 used on input line 6.
(pdftex.def)             Requested size: 364.19473pt x 273.14581pt.
File: graficos.pdf Graphic file (type pdf)

<use graficos.pdf, page 11>
Package pdftex.def Info: graficos.pdf, page11 used on input line 6.
(pdftex.def)             Requested size: 364.19473pt x 273.14581pt.
File: graficos.pdf Graphic file (type pdf)
 <use graficos.pdf, page 12>
Package pdftex.def Info: graficos.pdf, page12 used on input line 6.
(pdftex.def)             Requested size: 364.19473pt x 273.14581pt.
 [3 <./graficos.pdf> <./graficos.pdf> <./graficos.pdf> <./graficos.pdf>]
<graficos.pdf, id=53, page=13, 364.19562pt x 273.14648pt>
File: graficos.pdf Graphic file (type pdf)

<use graficos.pdf, page 13>
Package pdftex.def Info: graficos.pdf, page13 used on input line 6.
(pdftex.def)             Requested size: 364.19473pt x 273.14581pt.
File: graficos.pdf Graphic file (type pdf)
 <use graficos.pdf, page 13>
Package pdftex.def Info: graficos.pdf, page13 used on input line 6.
(pdftex.def)             Requested size: 364.19473pt x 273.14581pt.

<graficos.pdf, id=54, page=14, 364.19562pt x 273.14648pt>
File: graficos.pdf Graphic file (type pdf)

<use graficos.pdf, page 14>
Package pdftex.def Info: graficos.pdf, page14 used on input line 6.
(pdftex.def)             Requested size: 364.19473pt x 273.14581pt.
File: graficos.pdf Graphic file (type pdf)
 <use graficos.pdf, page 14>
Package pdftex.def Info: graficos.pdf, page14 used on input line 6.
(pdftex.def)             Requested size: 364.19473pt x 273.14581pt.

<graficos.pdf, id=55, page=15, 364.19562pt x 273.14648pt>
File: graficos.pdf Graphic file (type pdf)

<use graficos.pdf, page 15>
Package pdftex.def Info: graficos.pdf, page15 used on input line 6.
(pdftex.def)             Requested size: 364.19473pt x 273.14581pt.
File: graficos.pdf Graphic file (type pdf)
 <use graficos.pdf, page 15>
Package pdftex.def Info: graficos.pdf, page15 used on input line 6.
(pdftex.def)             Requested size: 364.19473pt x 273.14581pt.

<graficos.pdf, id=56, page=16, 364.19562pt x 273.14648pt>
File: graficos.pdf Graphic file (type pdf)

<use graficos.pdf, page 16>
Package pdftex.def Info: graficos.pdf, page16 used on input line 6.
(pdftex.def)             Requested size: 364.19473pt x 273.14581pt.
File: graficos.pdf Graphic file (type pdf)
 <use graficos.pdf, page 16>
Package pdftex.def Info: graficos.pdf, page16 used on input line 6.
(pdftex.def)             Requested size: 364.19473pt x 273.14581pt.
File: graficos.pdf Graphic file (type pdf)

<use graficos.pdf, page 13>
Package pdftex.def Info: graficos.pdf, page13 used on input line 6.
(pdftex.def)             Requested size: 364.19473pt x 273.14581pt.
File: graficos.pdf Graphic file (type pdf)
 <use graficos.pdf, page 14>
Package pdftex.def Info: graficos.pdf, page14 used on input line 6.
(pdftex.def)             Requested size: 364.19473pt x 273.14581pt.
File: graficos.pdf Graphic file (type pdf)

<use graficos.pdf, page 15>
Package pdftex.def Info: graficos.pdf, page15 used on input line 6.
(pdftex.def)             Requested size: 364.19473pt x 273.14581pt.
File: graficos.pdf Graphic file (type pdf)
 <use graficos.pdf, page 16>
Package pdftex.def Info: graficos.pdf, page16 used on input line 6.
(pdftex.def)             Requested size: 364.19473pt x 273.14581pt.
 [4 <./graficos.pdf> <./graficos.pdf> <./graficos.pdf> <./graficos.pdf>]
<graficos.pdf, id=63, page=17, 364.19562pt x 273.14648pt>
File: graficos.pdf Graphic file (type pdf)

<use graficos.pdf, page 17>
Package pdftex.def Info: graficos.pdf, page17 used on input line 6.
(pdftex.def)             Requested size: 364.19473pt x 273.14581pt.
File: graficos.pdf Graphic file (type pdf)
 <use graficos.pdf, page 17>
Package pdftex.def Info: graficos.pdf, page17 used on input line 6.
(pdftex.def)             Requested size: 364.19473pt x 273.14581pt.

<graficos.pdf, id=64, page=18, 364.19562pt x 273.14648pt>
File: graficos.pdf Graphic file (type pdf)

<use graficos.pdf, page 18>
Package pdftex.def Info: graficos.pdf, page18 used on input line 6.
(pdftex.def)             Requested size: 364.19473pt x 273.14581pt.
File: graficos.pdf Graphic file (type pdf)
 <use graficos.pdf, page 18>
Package pdftex.def Info: graficos.pdf, page18 used on input line 6.
(pdftex.def)             Requested size: 364.19473pt x 273.14581pt.

<graficos.pdf, id=65, page=19, 364.19562pt x 273.14648pt>
File: graficos.pdf Graphic file (type pdf)

<use graficos.pdf, page 19>
Package pdftex.def Info: graficos.pdf, page19 used on input line 6.
(pdftex.def)             Requested size: 364.19473pt x 273.14581pt.
File: graficos.pdf Graphic file (type pdf)
 <use graficos.pdf, page 19>
Package pdftex.def Info: graficos.pdf, page19 used on input line 6.
(pdftex.def)             Requested size: 364.19473pt x 273.14581pt.

<graficos.pdf, id=66, page=20, 364.19562pt x 273.14648pt>
File: graficos.pdf Graphic file (type pdf)

<use graficos.pdf, page 20>
Package pdftex.def Info: graficos.pdf, page20 used on input line 6.
(pdftex.def)             Requested size: 364.19473pt x 273.14581pt.
File: graficos.pdf Graphic file (type pdf)
 <use graficos.pdf, page 20>
Package pdftex.def Info: graficos.pdf, page20 used on input line 6.
(pdftex.def)             Requested size: 364.19473pt x 273.14581pt.
File: graficos.pdf Graphic file (type pdf)

<use graficos.pdf, page 17>
Package pdftex.def Info: graficos.pdf, page17 used on input line 6.
(pdftex.def)             Requested size: 364.19473pt x 273.14581pt.
File: graficos.pdf Graphic file (type pdf)
 <use graficos.pdf, page 18>
Package pdftex.def Info: graficos.pdf, page18 used on input line 6.
(pdftex.def)             Requested size: 364.19473pt x 273.14581pt.
File: graficos.pdf Graphic file (type pdf)

<use graficos.pdf, page 19>
Package pdftex.def Info: graficos.pdf, page19 used on input line 6.
(pdftex.def)             Requested size: 364.19473pt x 273.14581pt.
File: graficos.pdf Graphic file (type pdf)
 <use graficos.pdf, page 20>
Package pdftex.def Info: graficos.pdf, page20 used on input line 6.
(pdftex.def)             Requested size: 364.19473pt x 273.14581pt.
 [5 <./graficos.pdf> <./graficos.pdf> <./graficos.pdf> <./graficos.pdf>]
<graficos.pdf, id=85, page=21, 364.19562pt x 273.14648pt>
File: graficos.pdf Graphic file (type pdf)

<use graficos.pdf, page 21>
Package pdftex.def Info: graficos.pdf, page21 used on input line 6.
(pdftex.def)             Requested size: 364.19473pt x 273.14581pt.
File: graficos.pdf Graphic file (type pdf)
 <use graficos.pdf, page 21>
Package pdftex.def Info: graficos.pdf, page21 used on input line 6.
(pdftex.def)             Requested size: 364.19473pt x 273.14581pt.

<graficos.pdf, id=86, page=22, 364.19562pt x 273.14648pt>
File: graficos.pdf Graphic file (type pdf)

<use graficos.pdf, page 22>
Package pdftex.def Info: graficos.pdf, page22 used on input line 6.
(pdftex.def)             Requested size: 364.19473pt x 273.14581pt.
File: graficos.pdf Graphic file (type pdf)
 <use graficos.pdf, page 22>
Package pdftex.def Info: graficos.pdf, page22 used on input line 6.
(pdftex.def)             Requested size: 364.19473pt x 273.14581pt.

<graficos.pdf, id=87, page=23, 364.19562pt x 273.14648pt>
File: graficos.pdf Graphic file (type pdf)

<use graficos.pdf, page 23>
Package pdftex.def Info: graficos.pdf, page23 used on input line 6.
(pdftex.def)             Requested size: 364.19473pt x 273.14581pt.
File: graficos.pdf Graphic file (type pdf)
 <use graficos.pdf, page 23>
Package pdftex.def Info: graficos.pdf, page23 used on input line 6.
(pdftex.def)             Requested size: 364.19473pt x 273.14581pt.

<graficos.pdf, id=88, page=24, 364.19562pt x 273.14648pt>
File: graficos.pdf Graphic file (type pdf)

<use graficos.pdf, page 24>
Package pdftex.def Info: graficos.pdf, page24 used on input line 6.
(pdftex.def)             Requested size: 364.19473pt x 273.14581pt.
File: graficos.pdf Graphic file (type pdf)
 <use graficos.pdf, page 24>
Package pdftex.def Info: graficos.pdf, page24 used on input line 6.
(pdftex.def)             Requested size: 364.19473pt x 273.14581pt.
File: graficos.pdf Graphic file (type pdf)

<use graficos.pdf, page 21>
Package pdftex.def Info: graficos.pdf, page21 used on input line 6.
(pdftex.def)             Requested size: 364.19473pt x 273.14581pt.
File: graficos.pdf Graphic file (type pdf)
 <use graficos.pdf, page 22>
Package pdftex.def Info: graficos.pdf, page22 used on input line 6.
(pdftex.def)             Requested size: 364.19473pt x 273.14581pt.
File: graficos.pdf Graphic file (type pdf)

<use graficos.pdf, page 23>
Package pdftex.def Info: graficos.pdf, page23 used on input line 6.
(pdftex.def)             Requested size: 364.19473pt x 273.14581pt.
File: graficos.pdf Graphic file (type pdf)
 <use graficos.pdf, page 24>
Package pdftex.def Info: graficos.pdf, page24 used on input line 6.
(pdftex.def)             Requested size: 364.19473pt x 273.14581pt.
 [6 <./graficos.pdf> <./graficos.pdf> <./graficos.pdf> <./graficos.pdf>]
<graficos.pdf, id=103, page=25, 364.19562pt x 273.14648pt>
File: graficos.pdf Graphic file (type pdf)

<use graficos.pdf, page 25>
Package pdftex.def Info: graficos.pdf, page25 used on input line 6.
(pdftex.def)             Requested size: 364.19473pt x 273.14581pt.
File: graficos.pdf Graphic file (type pdf)
 <use graficos.pdf, page 25>
Package pdftex.def Info: graficos.pdf, page25 used on input line 6.
(pdftex.def)             Requested size: 364.19473pt x 273.14581pt.

<graficos.pdf, id=104, page=26, 364.19562pt x 273.14648pt>
File: graficos.pdf Graphic file (type pdf)

<use graficos.pdf, page 26>
Package pdftex.def Info: graficos.pdf, page26 used on input line 6.
(pdftex.def)             Requested size: 364.19473pt x 273.14581pt.
File: graficos.pdf Graphic file (type pdf)
 <use graficos.pdf, page 26>
Package pdftex.def Info: graficos.pdf, page26 used on input line 6.
(pdftex.def)             Requested size: 364.19473pt x 273.14581pt.

<graficos.pdf, id=105, page=27, 364.19562pt x 273.14648pt>
File: graficos.pdf Graphic file (type pdf)

<use graficos.pdf, page 27>
Package pdftex.def Info: graficos.pdf, page27 used on input line 6.
(pdftex.def)             Requested size: 364.19473pt x 273.14581pt.
File: graficos.pdf Graphic file (type pdf)
 <use graficos.pdf, page 27>
Package pdftex.def Info: graficos.pdf, page27 used on input line 6.
(pdftex.def)             Requested size: 364.19473pt x 273.14581pt.

<graficos.pdf, id=106, page=28, 364.19562pt x 273.14648pt>
File: graficos.pdf Graphic file (type pdf)

<use graficos.pdf, page 28>
Package pdftex.def Info: graficos.pdf, page28 used on input line 6.
(pdftex.def)             Requested size: 364.19473pt x 273.14581pt.
File: graficos.pdf Graphic file (type pdf)
 <use graficos.pdf, page 28>
Package pdftex.def Info: graficos.pdf, page28 used on input line 6.
(pdftex.def)             Requested size: 364.19473pt x 273.14581pt.
File: graficos.pdf Graphic file (type pdf)

<use graficos.pdf, page 25>
Package pdftex.def Info: graficos.pdf, page25 used on input line 6.
(pdftex.def)             Requested size: 364.19473pt x 273.14581pt.
File: graficos.pdf Graphic file (type pdf)
 <use graficos.pdf, page 26>
Package pdftex.def Info: graficos.pdf, page26 used on input line 6.
(pdftex.def)             Requested size: 364.19473pt x 273.14581pt.
File: graficos.pdf Graphic file (type pdf)

<use graficos.pdf, page 27>
Package pdftex.def Info: graficos.pdf, page27 used on input line 6.
(pdftex.def)             Requested size: 364.19473pt x 273.14581pt.
File: graficos.pdf Graphic file (type pdf)
 <use graficos.pdf, page 28>
Package pdftex.def Info: graficos.pdf, page28 used on input line 6.
(pdftex.def)             Requested size: 364.19473pt x 273.14581pt.
 [7 <./graficos.pdf> <./graficos.pdf> <./graficos.pdf> <./graficos.pdf>]
<graficos.pdf, id=119, page=29, 364.19562pt x 273.14648pt>
File: graficos.pdf Graphic file (type pdf)

<use graficos.pdf, page 29>
Package pdftex.def Info: graficos.pdf, page29 used on input line 6.
(pdftex.def)             Requested size: 364.19473pt x 273.14581pt.
File: graficos.pdf Graphic file (type pdf)
 <use graficos.pdf, page 29>
Package pdftex.def Info: graficos.pdf, page29 used on input line 6.
(pdftex.def)             Requested size: 364.19473pt x 273.14581pt.

<graficos.pdf, id=120, page=30, 364.19562pt x 273.14648pt>
File: graficos.pdf Graphic file (type pdf)

<use graficos.pdf, page 30>
Package pdftex.def Info: graficos.pdf, page30 used on input line 6.
(pdftex.def)             Requested size: 364.19473pt x 273.14581pt.
File: graficos.pdf Graphic file (type pdf)
 <use graficos.pdf, page 30>
Package pdftex.def Info: graficos.pdf, page30 used on input line 6.
(pdftex.def)             Requested size: 364.19473pt x 273.14581pt.

<graficos.pdf, id=121, page=31, 364.19562pt x 273.14648pt>
File: graficos.pdf Graphic file (type pdf)

<use graficos.pdf, page 31>
Package pdftex.def Info: graficos.pdf, page31 used on input line 6.
(pdftex.def)             Requested size: 364.19473pt x 273.14581pt.
File: graficos.pdf Graphic file (type pdf)
 <use graficos.pdf, page 31>
Package pdftex.def Info: graficos.pdf, page31 used on input line 6.
(pdftex.def)             Requested size: 364.19473pt x 273.14581pt.

<graficos.pdf, id=122, page=32, 364.19562pt x 273.14648pt>
File: graficos.pdf Graphic file (type pdf)

<use graficos.pdf, page 32>
Package pdftex.def Info: graficos.pdf, page32 used on input line 6.
(pdftex.def)             Requested size: 364.19473pt x 273.14581pt.
File: graficos.pdf Graphic file (type pdf)
 <use graficos.pdf, page 32>
Package pdftex.def Info: graficos.pdf, page32 used on input line 6.
(pdftex.def)             Requested size: 364.19473pt x 273.14581pt.
File: graficos.pdf Graphic file (type pdf)

<use graficos.pdf, page 29>
Package pdftex.def Info: graficos.pdf, page29 used on input line 6.
(pdftex.def)             Requested size: 364.19473pt x 273.14581pt.
File: graficos.pdf Graphic file (type pdf)
 <use graficos.pdf, page 30>
Package pdftex.def Info: graficos.pdf, page30 used on input line 6.
(pdftex.def)             Requested size: 364.19473pt x 273.14581pt.
File: graficos.pdf Graphic file (type pdf)

<use graficos.pdf, page 31>
Package pdftex.def Info: graficos.pdf, page31 used on input line 6.
(pdftex.def)             Requested size: 364.19473pt x 273.14581pt.
File: graficos.pdf Graphic file (type pdf)
 <use graficos.pdf, page 32>
Package pdftex.def Info: graficos.pdf, page32 used on input line 6.
(pdftex.def)             Requested size: 364.19473pt x 273.14581pt.
 [8 <./graficos.pdf> <./graficos.pdf> <./graficos.pdf> <./graficos.pdf>]
<graficos.pdf, id=127, page=33, 364.19562pt x 273.14648pt>
File: graficos.pdf Graphic file (type pdf)

<use graficos.pdf, page 33>
Package pdftex.def Info: graficos.pdf, page33 used on input line 6.
(pdftex.def)             Requested size: 364.19473pt x 273.14581pt.
File: graficos.pdf Graphic file (type pdf)
 <use graficos.pdf, page 33>
Package pdftex.def Info: graficos.pdf, page33 used on input line 6.
(pdftex.def)             Requested size: 364.19473pt x 273.14581pt.

<graficos.pdf, id=128, page=34, 364.19562pt x 273.14648pt>
File: graficos.pdf Graphic file (type pdf)

<use graficos.pdf, page 34>
Package pdftex.def Info: graficos.pdf, page34 used on input line 6.
(pdftex.def)             Requested size: 364.19473pt x 273.14581pt.
File: graficos.pdf Graphic file (type pdf)
 <use graficos.pdf, page 34>
Package pdftex.def Info: graficos.pdf, page34 used on input line 6.
(pdftex.def)             Requested size: 364.19473pt x 273.14581pt.

<graficos.pdf, id=129, page=35, 364.19562pt x 273.14648pt>
File: graficos.pdf Graphic file (type pdf)

<use graficos.pdf, page 35>
Package pdftex.def Info: graficos.pdf, page35 used on input line 6.
(pdftex.def)             Requested size: 364.19473pt x 273.14581pt.
File: graficos.pdf Graphic file (type pdf)
 <use graficos.pdf, page 35>
Package pdftex.def Info: graficos.pdf, page35 used on input line 6.
(pdftex.def)             Requested size: 364.19473pt x 273.14581pt.

<graficos.pdf, id=130, page=36, 364.19562pt x 273.14648pt>
File: graficos.pdf Graphic file (type pdf)

<use graficos.pdf, page 36>
Package pdftex.def Info: graficos.pdf, page36 used on input line 6.
(pdftex.def)             Requested size: 364.19473pt x 273.14581pt.
File: graficos.pdf Graphic file (type pdf)
 <use graficos.pdf, page 36>
Package pdftex.def Info: graficos.pdf, page36 used on input line 6.
(pdftex.def)             Requested size: 364.19473pt x 273.14581pt.
File: graficos.pdf Graphic file (type pdf)

<use graficos.pdf, page 33>
Package pdftex.def Info: graficos.pdf, page33 used on input line 6.
(pdftex.def)             Requested size: 364.19473pt x 273.14581pt.
File: graficos.pdf Graphic file (type pdf)
 <use graficos.pdf, page 34>
Package pdftex.def Info: graficos.pdf, page34 used on input line 6.
(pdftex.def)             Requested size: 364.19473pt x 273.14581pt.
File: graficos.pdf Graphic file (type pdf)

<use graficos.pdf, page 35>
Package pdftex.def Info: graficos.pdf, page35 used on input line 6.
(pdftex.def)             Requested size: 364.19473pt x 273.14581pt.
File: graficos.pdf Graphic file (type pdf)
 <use graficos.pdf, page 36>
Package pdftex.def Info: graficos.pdf, page36 used on input line 6.
(pdftex.def)             Requested size: 364.19473pt x 273.14581pt.
 [9 <./graficos.pdf> <./graficos.pdf> <./graficos.pdf> <./graficos.pdf>]
<graficos.pdf, id=136, page=37, 364.19562pt x 273.14648pt>
File: graficos.pdf Graphic file (type pdf)

<use graficos.pdf, page 37>
Package pdftex.def Info: graficos.pdf, page37 used on input line 6.
(pdftex.def)             Requested size: 364.19473pt x 273.14581pt.
File: graficos.pdf Graphic file (type pdf)
 <use graficos.pdf, page 37>
Package pdftex.def Info: graficos.pdf, page37 used on input line 6.
(pdftex.def)             Requested size: 364.19473pt x 273.14581pt.

<graficos.pdf, id=137, page=38, 364.19562pt x 273.14648pt>
File: graficos.pdf Graphic file (type pdf)

<use graficos.pdf, page 38>
Package pdftex.def Info: graficos.pdf, page38 used on input line 6.
(pdftex.def)             Requested size: 364.19473pt x 273.14581pt.
File: graficos.pdf Graphic file (type pdf)
 <use graficos.pdf, page 38>
Package pdftex.def Info: graficos.pdf, page38 used on input line 6.
(pdftex.def)             Requested size: 364.19473pt x 273.14581pt.

<graficos.pdf, id=138, page=39, 364.19562pt x 273.14648pt>
File: graficos.pdf Graphic file (type pdf)

<use graficos.pdf, page 39>
Package pdftex.def Info: graficos.pdf, page39 used on input line 6.
(pdftex.def)             Requested size: 364.19473pt x 273.14581pt.
File: graficos.pdf Graphic file (type pdf)
 <use graficos.pdf, page 39>
Package pdftex.def Info: graficos.pdf, page39 used on input line 6.
(pdftex.def)             Requested size: 364.19473pt x 273.14581pt.

<graficos.pdf, id=139, page=40, 364.19562pt x 273.14648pt>
File: graficos.pdf Graphic file (type pdf)

<use graficos.pdf, page 40>
Package pdftex.def Info: graficos.pdf, page40 used on input line 6.
(pdftex.def)             Requested size: 364.19473pt x 273.14581pt.
File: graficos.pdf Graphic file (type pdf)
 <use graficos.pdf, page 40>
Package pdftex.def Info: graficos.pdf, page40 used on input line 6.
(pdftex.def)             Requested size: 364.19473pt x 273.14581pt.
File: graficos.pdf Graphic file (type pdf)

<use graficos.pdf, page 37>
Package pdftex.def Info: graficos.pdf, page37 used on input line 6.
(pdftex.def)             Requested size: 364.19473pt x 273.14581pt.
File: graficos.pdf Graphic file (type pdf)
 <use graficos.pdf, page 38>
Package pdftex.def Info: graficos.pdf, page38 used on input line 6.
(pdftex.def)             Requested size: 364.19473pt x 273.14581pt.
File: graficos.pdf Graphic file (type pdf)

<use graficos.pdf, page 39>
Package pdftex.def Info: graficos.pdf, page39 used on input line 6.
(pdftex.def)             Requested size: 364.19473pt x 273.14581pt.
File: graficos.pdf Graphic file (type pdf)
 <use graficos.pdf, page 40>
Package pdftex.def Info: graficos.pdf, page40 used on input line 6.
(pdftex.def)             Requested size: 364.19473pt x 273.14581pt.
 [10 <./graficos.pdf> <./graficos.pdf> <./graficos.pdf> <./graficos.pdf>]
<graficos.pdf, id=147, page=41, 364.19562pt x 273.14648pt>
File: graficos.pdf Graphic file (type pdf)

<use graficos.pdf, page 41>
Package pdftex.def Info: graficos.pdf, page41 used on input line 6.
(pdftex.def)             Requested size: 364.19473pt x 273.14581pt.
File: graficos.pdf Graphic file (type pdf)
 <use graficos.pdf, page 41>
Package pdftex.def Info: graficos.pdf, page41 used on input line 6.
(pdftex.def)             Requested size: 364.19473pt x 273.14581pt.

<graficos.pdf, id=148, page=42, 364.19562pt x 273.14648pt>
File: graficos.pdf Graphic file (type pdf)

<use graficos.pdf, page 42>
Package pdftex.def Info: graficos.pdf, page42 used on input line 6.
(pdftex.def)             Requested size: 364.19473pt x 273.14581pt.
File: graficos.pdf Graphic file (type pdf)
 <use graficos.pdf, page 42>
Package pdftex.def Info: graficos.pdf, page42 used on input line 6.
(pdftex.def)             Requested size: 364.19473pt x 273.14581pt.

<graficos.pdf, id=149, page=43, 364.19562pt x 273.14648pt>
File: graficos.pdf Graphic file (type pdf)

<use graficos.pdf, page 43>
Package pdftex.def Info: graficos.pdf, page43 used on input line 6.
(pdftex.def)             Requested size: 364.19473pt x 273.14581pt.
File: graficos.pdf Graphic file (type pdf)
 <use graficos.pdf, page 43>
Package pdftex.def Info: graficos.pdf, page43 used on input line 6.
(pdftex.def)             Requested size: 364.19473pt x 273.14581pt.

<graficos.pdf, id=150, page=44, 364.19562pt x 273.14648pt>
File: graficos.pdf Graphic file (type pdf)

<use graficos.pdf, page 44>
Package pdftex.def Info: graficos.pdf, page44 used on input line 6.
(pdftex.def)             Requested size: 364.19473pt x 273.14581pt.
File: graficos.pdf Graphic file (type pdf)
 <use graficos.pdf, page 44>
Package pdftex.def Info: graficos.pdf, page44 used on input line 6.
(pdftex.def)             Requested size: 364.19473pt x 273.14581pt.
File: graficos.pdf Graphic file (type pdf)

<use graficos.pdf, page 41>
Package pdftex.def Info: graficos.pdf, page41 used on input line 6.
(pdftex.def)             Requested size: 364.19473pt x 273.14581pt.
File: graficos.pdf Graphic file (type pdf)
 <use graficos.pdf, page 42>
Package pdftex.def Info: graficos.pdf, page42 used on input line 6.
(pdftex.def)             Requested size: 364.19473pt x 273.14581pt.
File: graficos.pdf Graphic file (type pdf)

<use graficos.pdf, page 43>
Package pdftex.def Info: graficos.pdf, page43 used on input line 6.
(pdftex.def)             Requested size: 364.19473pt x 273.14581pt.
File: graficos.pdf Graphic file (type pdf)
 <use graficos.pdf, page 44>
Package pdftex.def Info: graficos.pdf, page44 used on input line 6.
(pdftex.def)             Requested size: 364.19473pt x 273.14581pt.
 [11 <./graficos.pdf> <./graficos.pdf> <./graficos.pdf> <./graficos.pdf>]
<graficos.pdf, id=159, page=45, 364.19562pt x 273.14648pt>
File: graficos.pdf Graphic file (type pdf)

<use graficos.pdf, page 45>
Package pdftex.def Info: graficos.pdf, page45 used on input line 6.
(pdftex.def)             Requested size: 364.19473pt x 273.14581pt.
File: graficos.pdf Graphic file (type pdf)
 <use graficos.pdf, page 45>
Package pdftex.def Info: graficos.pdf, page45 used on input line 6.
(pdftex.def)             Requested size: 364.19473pt x 273.14581pt.

<graficos.pdf, id=160, page=46, 364.19562pt x 273.14648pt>
File: graficos.pdf Graphic file (type pdf)

<use graficos.pdf, page 46>
Package pdftex.def Info: graficos.pdf, page46 used on input line 6.
(pdftex.def)             Requested size: 364.19473pt x 273.14581pt.
File: graficos.pdf Graphic file (type pdf)
 <use graficos.pdf, page 46>
Package pdftex.def Info: graficos.pdf, page46 used on input line 6.
(pdftex.def)             Requested size: 364.19473pt x 273.14581pt.

<graficos.pdf, id=161, page=47, 364.19562pt x 273.14648pt>
File: graficos.pdf Graphic file (type pdf)

<use graficos.pdf, page 47>
Package pdftex.def Info: graficos.pdf, page47 used on input line 6.
(pdftex.def)             Requested size: 364.19473pt x 273.14581pt.
File: graficos.pdf Graphic file (type pdf)
 <use graficos.pdf, page 47>
Package pdftex.def Info: graficos.pdf, page47 used on input line 6.
(pdftex.def)             Requested size: 364.19473pt x 273.14581pt.

<graficos.pdf, id=162, page=48, 364.19562pt x 273.14648pt>
File: graficos.pdf Graphic file (type pdf)

<use graficos.pdf, page 48>
Package pdftex.def Info: graficos.pdf, page48 used on input line 6.
(pdftex.def)             Requested size: 364.19473pt x 273.14581pt.
File: graficos.pdf Graphic file (type pdf)
 <use graficos.pdf, page 48>
Package pdftex.def Info: graficos.pdf, page48 used on input line 6.
(pdftex.def)             Requested size: 364.19473pt x 273.14581pt.
File: graficos.pdf Graphic file (type pdf)

<use graficos.pdf, page 45>
Package pdftex.def Info: graficos.pdf, page45 used on input line 6.
(pdftex.def)             Requested size: 364.19473pt x 273.14581pt.
File: graficos.pdf Graphic file (type pdf)
 <use graficos.pdf, page 46>
Package pdftex.def Info: graficos.pdf, page46 used on input line 6.
(pdftex.def)             Requested size: 364.19473pt x 273.14581pt.
File: graficos.pdf Graphic file (type pdf)

<use graficos.pdf, page 47>
Package pdftex.def Info: graficos.pdf, page47 used on input line 6.
(pdftex.def)             Requested size: 364.19473pt x 273.14581pt.
File: graficos.pdf Graphic file (type pdf)
 <use graficos.pdf, page 48>
Package pdftex.def Info: graficos.pdf, page48 used on input line 6.
(pdftex.def)             Requested size: 364.19473pt x 273.14581pt.
 [12 <./graficos.pdf> <./graficos.pdf> <./graficos.pdf> <./graficos.pdf>]
<graficos.pdf, id=178, page=49, 364.19562pt x 273.14648pt>
File: graficos.pdf Graphic file (type pdf)

<use graficos.pdf, page 49>
Package pdftex.def Info: graficos.pdf, page49 used on input line 6.
(pdftex.def)             Requested size: 364.19473pt x 273.14581pt.
File: graficos.pdf Graphic file (type pdf)
 <use graficos.pdf, page 49>
Package pdftex.def Info: graficos.pdf, page49 used on input line 6.
(pdftex.def)             Requested size: 364.19473pt x 273.14581pt.

<graficos.pdf, id=179, page=50, 364.19562pt x 273.14648pt>
File: graficos.pdf Graphic file (type pdf)

<use graficos.pdf, page 50>
Package pdftex.def Info: graficos.pdf, page50 used on input line 6.
(pdftex.def)             Requested size: 364.19473pt x 273.14581pt.
File: graficos.pdf Graphic file (type pdf)
 <use graficos.pdf, page 50>
Package pdftex.def Info: graficos.pdf, page50 used on input line 6.
(pdftex.def)             Requested size: 364.19473pt x 273.14581pt.

<graficos.pdf, id=180, page=51, 364.19562pt x 273.14648pt>
File: graficos.pdf Graphic file (type pdf)

<use graficos.pdf, page 51>
Package pdftex.def Info: graficos.pdf, page51 used on input line 6.
(pdftex.def)             Requested size: 364.19473pt x 273.14581pt.
File: graficos.pdf Graphic file (type pdf)
 <use graficos.pdf, page 51>
Package pdftex.def Info: graficos.pdf, page51 used on input line 6.
(pdftex.def)             Requested size: 364.19473pt x 273.14581pt.
File: graficos.pdf Graphic file (type pdf)

<use graficos.pdf, page 1>
Package pdftex.def Info: graficos.pdf, page1 used on input line 6.
(pdftex.def)             Requested size: 364.19473pt x 273.14581pt.
File: graficos.pdf Graphic file (type pdf)
 <use graficos.pdf, page 1>
Package pdftex.def Info: graficos.pdf, page1 used on input line 6.
(pdftex.def)             Requested size: 364.19473pt x 273.14581pt.
File: graficos.pdf Graphic file (type pdf)

<use graficos.pdf, page 49>
Package pdftex.def Info: graficos.pdf, page49 used on input line 6.
(pdftex.def)             Requested size: 364.19473pt x 273.14581pt.
File: graficos.pdf Graphic file (type pdf)
 <use graficos.pdf, page 50>
Package pdftex.def Info: graficos.pdf, page50 used on input line 6.
(pdftex.def)             Requested size: 364.19473pt x 273.14581pt.
File: graficos.pdf Graphic file (type pdf)

<use graficos.pdf, page 51>
Package pdftex.def Info: graficos.pdf, page51 used on input line 6.
(pdftex.def)             Requested size: 364.19473pt x 273.14581pt.
 [13 <./graficos.pdf> <./graficos.pdf> <./graficos.pdf>] (./graficos_mini.aux) 
) 
Here is how much of TeX's memory you used:
 2854 strings out of 493308
 42339 string characters out of 6137822
 105300 words of memory out of 5000000
 6305 multiletter control sequences out of 15000+600000
 3640 words of font info for 14 fonts, out of 8000000 for 9000
 957 hyphenation exceptions out of 8191
 42i,20n,50p,239b,450s stack positions out of 5000i,500n,10000p,200000b,80000s
</usr/local/texlive/2013/texmf-dist/fonts/type1/public/amsfonts/cm/cmmi10.pfb>
</usr/local/texlive/2013/texmf-dist/fonts/type1/public/amsfonts/cm/cmsy10.pfb><
/usr/local/texlive/2013/texmf-dist/fonts/type1/public/cm-super/sftt1000.pfb></u
sr/local/texlive/2013/texmf-dist/fonts/type1/public/cm-super/sftt1095.pfb></usr
/local/texlive/2013/texmf-dist/fonts/type1/public/cm-super/sftt1440.pfb></usr/l
ocal/texlive/2013/texmf-dist/fonts/type1/urw/helvetic/uhvb8a.pfb></usr/local/te
xlive/2013/texmf-dist/fonts/type1/urw/helvetic/uhvr8a.pfb></usr/local/texlive/2
013/texmf-dist/fonts/type1/urw/helvetic/uhvro8a.pfb>
Output written on graficos_mini.pdf (13 pages, 594186 bytes).
PDF statistics:
 196 PDF objects out of 1000 (max. 8388607)
 80 compressed objects within 1 object stream
 0 named destinations out of 1000 (max. 500000)
 271 words of extra memory for PDF output out of 10000 (max. 10000000)

